<?xml version="1.0" encoding="UTF-8"?>
<testng-results ignored="0" total="1" passed="1" failed="0" skipped="0">
  <reporter-output>
  </reporter-output>
  <suite started-at="2024-03-16T13:24:17 IST" name="Demo testNG Validation" finished-at="2024-03-16T13:25:38 IST" duration-ms="80924">
    <groups>
    </groups>
    <test started-at="2024-03-16T13:24:17 IST" name="Check Test" finished-at="2024-03-16T13:25:38 IST" duration-ms="80924">
      <class name="com.testcases.MobileAddValidation">
        <test-method is-config="true" signature="setExtent()[pri:0, instance:com.testcases.MobileAddValidation@1a6d8329]" started-at="2024-03-16T13:24:17 IST" name="setExtent" finished-at="2024-03-16T13:24:17 IST" duration-ms="207" status="PASS">
          <reporter-output>
          </reporter-output>
        </test-method> <!-- setExtent -->
        <test-method is-config="true" signature="loginAdhocApp()[pri:0, instance:com.testcases.MobileAddValidation@1a6d8329]" started-at="2024-03-16T13:24:17 IST" name="loginAdhocApp" finished-at="2024-03-16T13:24:42 IST" duration-ms="24483" status="PASS">
          <reporter-output>
          </reporter-output>
        </test-method> <!-- loginAdhocApp -->
        <test-method signature="gioneeAndTwoGBMobileSelectionTest()[pri:1, instance:com.testcases.MobileAddValidation@1a6d8329]" started-at="2024-03-16T13:24:42 IST" name="gioneeAndTwoGBMobileSelectionTest" finished-at="2024-03-16T13:25:34 IST" duration-ms="51813" status="PASS">
          <reporter-output>
          </reporter-output>
        </test-method> <!-- gioneeAndTwoGBMobileSelectionTest -->
        <test-method is-config="true" signature="tearDownDriver(org.testng.ITestResult)[pri:0, instance:com.testcases.MobileAddValidation@1a6d8329]" started-at="2024-03-16T13:25:34 IST" name="tearDownDriver" finished-at="2024-03-16T13:25:37 IST" duration-ms="2219" status="PASS">
          <params>
            <param index="0">
              <value>
                <![CDATA[[TestResult name=gioneeAndTwoGBMobileSelectionTest status=SUCCESS method=MobileAddValidation.gioneeAndTwoGBMobileSelectionTest()[pri:1, instance:com.testcases.MobileAddValidation@1a6d8329] output={null}]]]>
              </value>
            </param>
          </params>
          <reporter-output>
          </reporter-output>
        </test-method> <!-- tearDownDriver -->
        <test-method is-config="true" signature="reportEnd()[pri:0, instance:com.testcases.MobileAddValidation@1a6d8329]" started-at="2024-03-16T13:25:37 IST" name="reportEnd" finished-at="2024-03-16T13:25:38 IST" duration-ms="1506" status="PASS">
          <reporter-output>
          </reporter-output>
        </test-method> <!-- reportEnd -->
      </class> <!-- com.testcases.MobileAddValidation -->
    </test> <!-- Check Test -->
  </suite> <!-- Demo testNG Validation -->
</testng-results>
