<?xml version="1.0" encoding="UTF-8"?>
<testng-results ignored="0" total="1" passed="1" failed="0" skipped="0">
  <reporter-output>
  </reporter-output>
  <suite started-at="2024-03-16T12:25:58 IST" name="Default suite" finished-at="2024-03-16T12:27:05 IST" duration-ms="66776">
    <groups>
    </groups>
    <test started-at="2024-03-16T12:25:58 IST" name="Default test" finished-at="2024-03-16T12:27:05 IST" duration-ms="66776">
      <class name="com.testcases.MobileAddValidation">
        <test-method is-config="true" signature="setExtent()[pri:0, instance:com.testcases.MobileAddValidation@60bbacfc]" started-at="2024-03-16T12:25:59 IST" name="setExtent" finished-at="2024-03-16T12:26:00 IST" duration-ms="1125" status="PASS">
          <reporter-output>
          </reporter-output>
        </test-method> <!-- setExtent -->
        <test-method is-config="true" signature="loginAdhocApp()[pri:0, instance:com.testcases.MobileAddValidation@60bbacfc]" started-at="2024-03-16T12:26:00 IST" name="loginAdhocApp" finished-at="2024-03-16T12:26:28 IST" duration-ms="27937" status="PASS">
          <reporter-output>
          </reporter-output>
        </test-method> <!-- loginAdhocApp -->
        <test-method signature="gioneeAndTwoGBMobileSelectionTest()[pri:1, instance:com.testcases.MobileAddValidation@60bbacfc]" started-at="2024-03-16T12:26:29 IST" name="gioneeAndTwoGBMobileSelectionTest" finished-at="2024-03-16T12:27:02 IST" duration-ms="33141" status="PASS">
          <reporter-output>
          </reporter-output>
        </test-method> <!-- gioneeAndTwoGBMobileSelectionTest -->
        <test-method is-config="true" signature="tearDownDriver(org.testng.ITestResult)[pri:0, instance:com.testcases.MobileAddValidation@60bbacfc]" started-at="2024-03-16T12:27:02 IST" name="tearDownDriver" finished-at="2024-03-16T12:27:04 IST" duration-ms="1668" status="PASS">
          <params>
            <param index="0">
              <value>
                <![CDATA[[TestResult name=gioneeAndTwoGBMobileSelectionTest status=SUCCESS method=MobileAddValidation.gioneeAndTwoGBMobileSelectionTest()[pri:1, instance:com.testcases.MobileAddValidation@60bbacfc] output={null}]]]>
              </value>
            </param>
          </params>
          <reporter-output>
          </reporter-output>
        </test-method> <!-- tearDownDriver -->
        <test-method is-config="true" signature="reportEnd()[pri:0, instance:com.testcases.MobileAddValidation@60bbacfc]" started-at="2024-03-16T12:27:04 IST" name="reportEnd" finished-at="2024-03-16T12:27:05 IST" duration-ms="1655" status="PASS">
          <reporter-output>
          </reporter-output>
        </test-method> <!-- reportEnd -->
      </class> <!-- com.testcases.MobileAddValidation -->
    </test> <!-- Default test -->
  </suite> <!-- Default suite -->
</testng-results>
